iWallpaperApp/app/build/intermediates/manifest_merge_blame_file/release/manifest-merger-blame-release-report.txt
1<?xml version="1.0" encoding="utf-8"?>
2<manifest xmlns:android="http://schemas.android.com/apk/res/android"
3    package="com.techopath.wallpapers"
4    android:versionCode="2"
5    android:versionName="1.1.0" >
6
7    <uses-sdk
8        android:minSdkVersion="21"
8-->src\main\AndroidManifest.xml
9        android:targetSdkVersion="31" />
9-->src\main\AndroidManifest.xml
10
11    <uses-permission android:name="android.permission.INTERNET" />
11-->src\main\AndroidManifest.xml:6:5-67
11-->src\main\AndroidManifest.xml:6:22-64
12    <uses-permission android:name="android.permission.ACCESS_NETWORK_STATE" />
12-->src\main\AndroidManifest.xml:7:5-79
12-->src\main\AndroidManifest.xml:7:22-76
13    <uses-permission android:name="android.permission.ACCESS_WIFI_STATE" />
13-->src\main\AndroidManifest.xml:8:5-76
13-->src\main\AndroidManifest.xml:8:22-73
14    <uses-permission android:name="android.permission.SET_WALLPAPER" />
14-->src\main\AndroidManifest.xml:9:5-72
14-->src\main\AndroidManifest.xml:9:22-69
15    <uses-permission android:name="android.permission.SET_WALLPAPER_HINTS" />
15-->src\main\AndroidManifest.xml:10:5-78
15-->src\main\AndroidManifest.xml:10:22-75
16    <uses-permission android:name="android.permission.WRITE_EXTERNAL_STORAGE" />
16-->src\main\AndroidManifest.xml:12:5-14:40
16-->src\main\AndroidManifest.xml:13:9-65
17
18    <uses-feature
18-->src\main\AndroidManifest.xml:20:5-22:35
19        android:name="android.software.live_wallpaper"
19-->src\main\AndroidManifest.xml:21:9-55
20        android:required="true" />
20-->src\main\AndroidManifest.xml:22:9-32
21
22    <!-- Create a unique permission for your app and use it so only your app can receive your OneSignal messages. -->
23    <permission
23-->[com.onesignal:OneSignal:4.6.1] AndroidManifest.xml:7:5-9:47
24        android:name="com.techopath.wallpapers.permission.C2D_MESSAGE"
24-->[com.onesignal:OneSignal:4.6.1] AndroidManifest.xml:8:9-63
25        android:protectionLevel="signature" />
25-->[com.onesignal:OneSignal:4.6.1] AndroidManifest.xml:9:9-44
26
27    <uses-permission android:name="com.techopath.wallpapers.permission.C2D_MESSAGE" /> <!-- c2dm RECEIVE are basic requirements for push messages through Google's FCM -->
27-->[com.onesignal:OneSignal:4.6.1] AndroidManifest.xml:11:5-79
27-->[com.onesignal:OneSignal:4.6.1] AndroidManifest.xml:11:22-76
28    <uses-permission android:name="com.google.android.c2dm.permission.RECEIVE" /> <!-- Required, makes sure notifications are delivered on time. -->
28-->[com.onesignal:OneSignal:4.6.1] AndroidManifest.xml:17:5-82
28-->[com.onesignal:OneSignal:4.6.1] AndroidManifest.xml:17:22-79
29    <uses-permission android:name="android.permission.WAKE_LOCK" />
29-->[com.onesignal:OneSignal:4.6.1] AndroidManifest.xml:18:5-68
29-->[com.onesignal:OneSignal:4.6.1] AndroidManifest.xml:18:22-65
30    <!--
31 Required so the device vibrates on receiving a push notification.
32         Vibration settings of the device still apply.
33    -->
34    <uses-permission android:name="android.permission.VIBRATE" />
34-->[com.onesignal:OneSignal:4.6.1] AndroidManifest.xml:23:5-66
34-->[com.onesignal:OneSignal:4.6.1] AndroidManifest.xml:23:22-63
35    <!--
36 Use to restore notifications the user hasn't interacted with.
37         They could be missed notifications if the user reboots their device if this isn't in place.
38    -->
39    <uses-permission android:name="android.permission.RECEIVE_BOOT_COMPLETED" /> <!-- START: ShortcutBadger -->
39-->[com.onesignal:OneSignal:4.6.1] AndroidManifest.xml:29:5-81
39-->[com.onesignal:OneSignal:4.6.1] AndroidManifest.xml:29:22-78
40    <!-- Samsung -->
41    <uses-permission android:name="com.sec.android.provider.badge.permission.READ" />
41-->[com.onesignal:OneSignal:4.6.1] AndroidManifest.xml:31:5-86
41-->[com.onesignal:OneSignal:4.6.1] AndroidManifest.xml:31:22-83
42    <uses-permission android:name="com.sec.android.provider.badge.permission.WRITE" /> <!-- HTC -->
42-->[com.onesignal:OneSignal:4.6.1] AndroidManifest.xml:32:5-87
42-->[com.onesignal:OneSignal:4.6.1] AndroidManifest.xml:32:22-84
43    <uses-permission android:name="com.htc.launcher.permission.READ_SETTINGS" />
43-->[com.onesignal:OneSignal:4.6.1] AndroidManifest.xml:33:5-81
43-->[com.onesignal:OneSignal:4.6.1] AndroidManifest.xml:33:22-78
44    <uses-permission android:name="com.htc.launcher.permission.UPDATE_SHORTCUT" /> <!-- Sony -->
44-->[com.onesignal:OneSignal:4.6.1] AndroidManifest.xml:34:5-83
44-->[com.onesignal:OneSignal:4.6.1] AndroidManifest.xml:34:22-80
45    <uses-permission android:name="com.sonyericsson.home.permission.BROADCAST_BADGE" />
45-->[com.onesignal:OneSignal:4.6.1] AndroidManifest.xml:35:5-88
45-->[com.onesignal:OneSignal:4.6.1] AndroidManifest.xml:35:22-85
46    <uses-permission android:name="com.sonymobile.home.permission.PROVIDER_INSERT_BADGE" /> <!-- Apex -->
46-->[com.onesignal:OneSignal:4.6.1] AndroidManifest.xml:36:5-92
46-->[com.onesignal:OneSignal:4.6.1] AndroidManifest.xml:36:22-89
47    <uses-permission android:name="com.anddoes.launcher.permission.UPDATE_COUNT" /> <!-- Solid -->
47-->[com.onesignal:OneSignal:4.6.1] AndroidManifest.xml:37:5-84
47-->[com.onesignal:OneSignal:4.6.1] AndroidManifest.xml:37:22-81
48    <uses-permission android:name="com.majeur.launcher.permission.UPDATE_BADGE" /> <!-- Huawei -->
48-->[com.onesignal:OneSignal:4.6.1] AndroidManifest.xml:38:5-83
48-->[com.onesignal:OneSignal:4.6.1] AndroidManifest.xml:38:22-80
49    <uses-permission android:name="com.huawei.android.launcher.permission.CHANGE_BADGE" />
49-->[com.onesignal:OneSignal:4.6.1] AndroidManifest.xml:39:5-91
49-->[com.onesignal:OneSignal:4.6.1] AndroidManifest.xml:39:22-88
50    <uses-permission android:name="com.huawei.android.launcher.permission.READ_SETTINGS" />
50-->[com.onesignal:OneSignal:4.6.1] AndroidManifest.xml:40:5-92
50-->[com.onesignal:OneSignal:4.6.1] AndroidManifest.xml:40:22-89
51    <uses-permission android:name="com.huawei.android.launcher.permission.WRITE_SETTINGS" /> <!-- ZUK -->
51-->[com.onesignal:OneSignal:4.6.1] AndroidManifest.xml:41:5-93
51-->[com.onesignal:OneSignal:4.6.1] AndroidManifest.xml:41:22-90
52    <uses-permission android:name="android.permission.READ_APP_BADGE" /> <!-- OPPO -->
52-->[com.onesignal:OneSignal:4.6.1] AndroidManifest.xml:42:5-73
52-->[com.onesignal:OneSignal:4.6.1] AndroidManifest.xml:42:22-70
53    <uses-permission android:name="com.oppo.launcher.permission.READ_SETTINGS" />
53-->[com.onesignal:OneSignal:4.6.1] AndroidManifest.xml:43:5-82
53-->[com.onesignal:OneSignal:4.6.1] AndroidManifest.xml:43:22-79
54    <uses-permission android:name="com.oppo.launcher.permission.WRITE_SETTINGS" /> <!-- EvMe -->
54-->[com.onesignal:OneSignal:4.6.1] AndroidManifest.xml:44:5-83
54-->[com.onesignal:OneSignal:4.6.1] AndroidManifest.xml:44:22-80
55    <uses-permission android:name="me.everything.badger.permission.BADGE_COUNT_READ" />
55-->[com.onesignal:OneSignal:4.6.1] AndroidManifest.xml:45:5-88
55-->[com.onesignal:OneSignal:4.6.1] AndroidManifest.xml:45:22-85
56    <uses-permission android:name="me.everything.badger.permission.BADGE_COUNT_WRITE" />
56-->[com.onesignal:OneSignal:4.6.1] AndroidManifest.xml:46:5-89
56-->[com.onesignal:OneSignal:4.6.1] AndroidManifest.xml:46:22-86
57
58    <queries>
58-->[com.github.CanHub:Android-Image-Cropper:3.3.5] AndroidManifest.xml:9:5-20:15
59        <intent>
59-->[com.github.CanHub:Android-Image-Cropper:3.3.5] AndroidManifest.xml:10:9-16:18
60            <action android:name="android.intent.action.GET_CONTENT" />
60-->[com.github.CanHub:Android-Image-Cropper:3.3.5] AndroidManifest.xml:11:13-72
60-->[com.github.CanHub:Android-Image-Cropper:3.3.5] AndroidManifest.xml:11:21-69
61
62            <category android:name="android.intent.category.OPENABLE" />
62-->[com.github.CanHub:Android-Image-Cropper:3.3.5] AndroidManifest.xml:13:13-73
62-->[com.github.CanHub:Android-Image-Cropper:3.3.5] AndroidManifest.xml:13:23-70
63
64            <data android:mimeType="*/*" />
64-->[com.github.CanHub:Android-Image-Cropper:3.3.5] AndroidManifest.xml:15:13-44
64-->[com.github.CanHub:Android-Image-Cropper:3.3.5] AndroidManifest.xml:15:19-41
65        </intent>
66        <intent>
66-->[com.github.CanHub:Android-Image-Cropper:3.3.5] AndroidManifest.xml:17:9-19:18
67            <action android:name="android.media.action.IMAGE_CAPTURE" />
67-->[com.github.CanHub:Android-Image-Cropper:3.3.5] AndroidManifest.xml:18:13-73
67-->[com.github.CanHub:Android-Image-Cropper:3.3.5] AndroidManifest.xml:18:21-70
68        </intent>
69        <!-- For browser content -->
70        <intent>
70-->[com.google.android.gms:play-services-ads-lite:20.5.0] AndroidManifest.xml:31:9-37:18
71            <action android:name="android.intent.action.VIEW" />
71-->[com.onesignal:OneSignal:4.6.1] AndroidManifest.xml:76:17-69
71-->[com.onesignal:OneSignal:4.6.1] AndroidManifest.xml:76:25-66
72
73            <category android:name="android.intent.category.BROWSABLE" />
73-->[com.google.android.gms:play-services-ads-lite:20.5.0] AndroidManifest.xml:34:13-74
73-->[com.google.android.gms:play-services-ads-lite:20.5.0] AndroidManifest.xml:34:23-71
74
75            <data android:scheme="https" />
75-->[com.github.CanHub:Android-Image-Cropper:3.3.5] AndroidManifest.xml:15:13-44
76        </intent> <!-- End of browser content -->
77        <!-- For CustomTabsService -->
78        <intent>
78-->[com.google.android.gms:play-services-ads-lite:20.5.0] AndroidManifest.xml:40:9-42:18
79            <action android:name="android.support.customtabs.action.CustomTabsService" />
79-->[com.google.android.gms:play-services-ads-lite:20.5.0] AndroidManifest.xml:41:13-90
79-->[com.google.android.gms:play-services-ads-lite:20.5.0] AndroidManifest.xml:41:21-87
80        </intent>
81
82        <package android:name="com.facebook.katana" />
82-->[com.facebook.android:audience-network-sdk:6.8.0] AndroidManifest.xml:12:9-55
82-->[com.facebook.android:audience-network-sdk:6.8.0] AndroidManifest.xml:12:18-52
83
84        <intent>
84-->[androidx.media2:media2-session:1.1.3] AndroidManifest.xml:25:9-27:18
85            <action android:name="android.media.browse.MediaBrowserService" />
85-->[androidx.media2:media2-session:1.1.3] AndroidManifest.xml:26:13-79
85-->[androidx.media2:media2-session:1.1.3] AndroidManifest.xml:26:21-76
86        </intent>
87        <intent>
87-->[androidx.media2:media2-session:1.1.3] AndroidManifest.xml:28:9-30:18
88            <action android:name="androidx.media2.session.MediaSessionService" />
88-->[androidx.media2:media2-session:1.1.3] AndroidManifest.xml:29:13-82
88-->[androidx.media2:media2-session:1.1.3] AndroidManifest.xml:29:21-79
89        </intent>
90        <intent>
90-->[androidx.media2:media2-session:1.1.3] AndroidManifest.xml:31:9-33:18
91            <action android:name="androidx.media2.session.MediaLibraryService" />
91-->[androidx.media2:media2-session:1.1.3] AndroidManifest.xml:32:13-82
91-->[androidx.media2:media2-session:1.1.3] AndroidManifest.xml:32:21-79
92        </intent>
93        <intent>
93-->[com.startapp:inapp-sdk:4.9.1] AndroidManifest.xml:16:9-18:18
94            <action android:name="android.intent.action.MAIN" />
94-->src\main\AndroidManifest.xml:50:17-69
94-->src\main\AndroidManifest.xml:50:25-66
95        </intent>
96    </queries>
97
98    <uses-permission android:name="com.google.android.gms.permission.AD_ID" />
98-->[com.google.android.gms:play-services-ads-lite:20.5.0] AndroidManifest.xml:25:5-79
98-->[com.google.android.gms:play-services-ads-lite:20.5.0] AndroidManifest.xml:25:22-76
99    <uses-permission android:name="com.google.android.finsky.permission.BIND_GET_INSTALL_REFERRER_SERVICE" />
99-->[com.google.android.gms:play-services-measurement:19.0.0] AndroidManifest.xml:26:5-110
99-->[com.google.android.gms:play-services-measurement:19.0.0] AndroidManifest.xml:26:22-107
100    <uses-permission android:name="android.permission.FOREGROUND_SERVICE" />
100-->[androidx.work:work-runtime:2.7.1] AndroidManifest.xml:28:5-77
100-->[androidx.work:work-runtime:2.7.1] AndroidManifest.xml:28:22-74
101
102    <application
102-->src\main\AndroidManifest.xml:24:5-141:19
103        android:name="com.app.techopathwallpaper.activities.MyApplication"
103-->src\main\AndroidManifest.xml:25:9-75
104        android:allowBackup="true"
104-->src\main\AndroidManifest.xml:26:9-35
105        android:appComponentFactory="androidx.core.app.CoreComponentFactory"
105-->[androidx.core:core:1.6.0] AndroidManifest.xml:24:18-86
106        android:hardwareAccelerated="true"
106-->src\main\AndroidManifest.xml:27:9-43
107        android:icon="@mipmap/ic_launcher"
107-->src\main\AndroidManifest.xml:28:9-43
108        android:label="@string/app_name"
108-->src\main\AndroidManifest.xml:29:9-41
109        android:networkSecurityConfig="@xml/network_security_config"
109-->src\main\AndroidManifest.xml:30:9-69
110        android:requestLegacyExternalStorage="true"
110-->src\main\AndroidManifest.xml:31:9-52
111        android:roundIcon="@mipmap/ic_launcher_round"
111-->src\main\AndroidManifest.xml:32:9-54
112        android:supportsRtl="true"
112-->src\main\AndroidManifest.xml:33:9-35
113        android:theme="@style/AppTheme"
113-->src\main\AndroidManifest.xml:34:9-40
114        android:usesCleartextTraffic="true" >
114-->src\main\AndroidManifest.xml:35:9-44
115        <meta-data
115-->src\main\AndroidManifest.xml:37:9-39:52
116            android:name="com.google.android.gms.ads.APPLICATION_ID"
116-->src\main\AndroidManifest.xml:38:13-69
117            android:value="@string/admob_app_id" />
117-->src\main\AndroidManifest.xml:39:13-49
118        <meta-data
118-->src\main\AndroidManifest.xml:41:9-43:56
119            android:name="applovin.sdk.key"
119-->src\main\AndroidManifest.xml:42:13-44
120            android:value="@string/applovin_sdk_key" />
120-->src\main\AndroidManifest.xml:43:13-53
121
122        <activity
122-->src\main\AndroidManifest.xml:45:9-54:20
123            android:name="com.app.techopathwallpaper.activities.ActivitySplash"
123-->src\main\AndroidManifest.xml:46:13-80
124            android:configChanges="orientation|keyboardHidden|screenSize"
124-->src\main\AndroidManifest.xml:47:13-74
125            android:exported="true" >
125-->src\main\AndroidManifest.xml:48:13-36
126            <intent-filter>
126-->src\main\AndroidManifest.xml:49:13-53:29
127                <action android:name="android.intent.action.MAIN" />
127-->src\main\AndroidManifest.xml:50:17-69
127-->src\main\AndroidManifest.xml:50:25-66
128
129                <category android:name="android.intent.category.LAUNCHER" />
129-->src\main\AndroidManifest.xml:52:17-77
129-->src\main\AndroidManifest.xml:52:27-74
130            </intent-filter>
131        </activity>
132        <activity
132-->src\main\AndroidManifest.xml:56:9-65:20
133            android:name="com.app.techopathwallpaper.activities.MainActivity"
133-->src\main\AndroidManifest.xml:57:13-78
134            android:configChanges="orientation|keyboardHidden|screenSize"
134-->src\main\AndroidManifest.xml:58:13-74
135            android:exported="true" >
135-->src\main\AndroidManifest.xml:59:13-36
136            <intent-filter>
136-->src\main\AndroidManifest.xml:60:13-64:29
137                <action android:name="android.intent.action.MAIN" />
137-->src\main\AndroidManifest.xml:50:17-69
137-->src\main\AndroidManifest.xml:50:25-66
138
139                <category android:name="android.intent.category.DEFAULT" />
139-->src\main\AndroidManifest.xml:63:17-76
139-->src\main\AndroidManifest.xml:63:27-73
140            </intent-filter>
141        </activity>
142        <activity
142-->src\main\AndroidManifest.xml:67:9-69:77
143            android:name="com.app.techopathwallpaper.activities.ActivityCategoryDetail"
143-->src\main\AndroidManifest.xml:68:13-88
144            android:configChanges="orientation|keyboardHidden|screenSize" />
144-->src\main\AndroidManifest.xml:69:13-74
145        <activity
145-->src\main\AndroidManifest.xml:70:9-73:58
146            android:name="com.app.techopathwallpaper.activities.ActivitySearch"
146-->src\main\AndroidManifest.xml:71:13-80
147            android:configChanges="orientation|keyboardHidden|screenSize"
147-->src\main\AndroidManifest.xml:72:13-74
148            android:windowSoftInputMode="stateVisible" />
148-->src\main\AndroidManifest.xml:73:13-55
149        <activity
149-->src\main\AndroidManifest.xml:74:9-76:77
150            android:name="com.app.techopathwallpaper.activities.ActivitySettings"
150-->src\main\AndroidManifest.xml:75:13-82
151            android:configChanges="orientation|keyboardHidden|screenSize" />
151-->src\main\AndroidManifest.xml:76:13-74
152        <activity
152-->src\main\AndroidManifest.xml:77:9-79:77
153            android:name="com.app.techopathwallpaper.activities.ActivityWebView"
153-->src\main\AndroidManifest.xml:78:13-81
154            android:configChanges="orientation|keyboardHidden|screenSize" />
154-->src\main\AndroidManifest.xml:79:13-74
155        <activity
155-->src\main\AndroidManifest.xml:80:9-82:77
156            android:name="com.app.techopathwallpaper.activities.ActivityWallpaperDetail"
156-->src\main\AndroidManifest.xml:81:13-89
157            android:configChanges="orientation|keyboardHidden|screenSize" />
157-->src\main\AndroidManifest.xml:82:13-74
158        <activity
158-->src\main\AndroidManifest.xml:83:9-85:77
159            android:name="com.app.techopathwallpaper.activities.ActivityCropWallpaper"
159-->src\main\AndroidManifest.xml:84:13-87
160            android:configChanges="orientation|keyboardHidden|screenSize" />
160-->src\main\AndroidManifest.xml:85:13-74
161        <activity
161-->src\main\AndroidManifest.xml:86:9-88:77
162            android:name="com.app.techopathwallpaper.activities.ActivityNotificationDetail"
162-->src\main\AndroidManifest.xml:87:13-92
163            android:configChanges="orientation|keyboardHidden|screenSize" />
163-->src\main\AndroidManifest.xml:88:13-74
164
165        <service
165-->src\main\AndroidManifest.xml:90:9-104:19
166            android:name="com.app.techopathwallpaper.services.SetGIFAsWallpaperService"
166-->src\main\AndroidManifest.xml:91:13-88
167            android:enabled="true"
167-->src\main\AndroidManifest.xml:92:13-35
168            android:exported="true"
168-->src\main\AndroidManifest.xml:93:13-36
169            android:label="@string/app_name"
169-->src\main\AndroidManifest.xml:94:13-45
170            android:permission="android.permission.BIND_WALLPAPER"
170-->src\main\AndroidManifest.xml:95:13-67
171            android:showOnLockScreen="true" >
171-->src\main\AndroidManifest.xml:96:13-44
172            <intent-filter>
172-->src\main\AndroidManifest.xml:97:13-99:29
173                <action android:name="android.service.wallpaper.WallpaperService" />
173-->src\main\AndroidManifest.xml:98:17-85
173-->src\main\AndroidManifest.xml:98:25-82
174            </intent-filter>
175
176            <meta-data
176-->src\main\AndroidManifest.xml:101:13-103:57
177                android:name="android.service.wallpaper"
177-->src\main\AndroidManifest.xml:102:17-57
178                android:resource="@xml/gif_wallpaper" />
178-->src\main\AndroidManifest.xml:103:17-54
179        </service>
180
181        <provider
182            android:name="androidx.core.content.FileProvider"
182-->src\main\AndroidManifest.xml:107:13-62
183            android:authorities="com.techopath.wallpapers.provider"
183-->src\main\AndroidManifest.xml:108:13-60
184            android:exported="false"
184-->src\main\AndroidManifest.xml:109:13-37
185            android:grantUriPermissions="true" >
185-->src\main\AndroidManifest.xml:110:13-47
186            <meta-data
186-->src\main\AndroidManifest.xml:111:13-113:58
187                android:name="android.support.FILE_PROVIDER_PATHS"
187-->src\main\AndroidManifest.xml:112:17-67
188                android:resource="@xml/provider_paths" />
188-->src\main\AndroidManifest.xml:113:17-55
189        </provider>
190
191        <service
191-->src\main\AndroidManifest.xml:116:9-123:19
192            android:name="com.app.techopathwallpaper.notification.MyFirebaseMessageService"
192-->src\main\AndroidManifest.xml:117:13-92
193            android:enabled="true"
193-->src\main\AndroidManifest.xml:118:13-35
194            android:exported="false" >
194-->src\main\AndroidManifest.xml:119:13-37
195            <intent-filter>
195-->src\main\AndroidManifest.xml:120:13-122:29
196                <action android:name="com.google.firebase.MESSAGING_EVENT" />
196-->src\main\AndroidManifest.xml:121:17-78
196-->src\main\AndroidManifest.xml:121:25-75
197            </intent-filter>
198        </service>
199
200        <meta-data
200-->src\main\AndroidManifest.xml:125:9-127:70
201            android:name="com.google.firebase.messaging.default_notification_icon"
201-->src\main\AndroidManifest.xml:126:13-83
202            android:resource="@drawable/ic_stat_onesignal_default" />
202-->src\main\AndroidManifest.xml:127:13-67
203        <meta-data
203-->src\main\AndroidManifest.xml:129:9-131:53
204            android:name="com.google.firebase.messaging.default_notification_color"
204-->src\main\AndroidManifest.xml:130:13-84
205            android:resource="@color/colorAccent" />
205-->src\main\AndroidManifest.xml:131:13-50
206        <meta-data
206-->src\main\AndroidManifest.xml:133:9-135:101
207            android:name="com.onesignal.NotificationServiceExtension"
207-->src\main\AndroidManifest.xml:134:13-70
208            android:value="com.app.bloggerwallpaperapp.notification.NotificationServiceExtension" />
208-->src\main\AndroidManifest.xml:135:13-98
209        <meta-data
209-->src\main\AndroidManifest.xml:137:9-139:39
210            android:name="com.onesignal.NotificationOpened.DEFAULT"
210-->src\main\AndroidManifest.xml:138:13-68
211            android:value="DISABLE" />
211-->src\main\AndroidManifest.xml:139:13-36
212        <meta-data
212-->[com.github.solodroidx:solodroid-ads-sdk:1.2.2] AndroidManifest.xml:13:9-15:69
213            android:name="com.google.android.gms.version"
213-->[com.github.solodroidx:solodroid-ads-sdk:1.2.2] AndroidManifest.xml:14:13-58
214            android:value="@integer/google_play_services_version" />
214-->[com.github.solodroidx:solodroid-ads-sdk:1.2.2] AndroidManifest.xml:15:13-66
215
216        <activity
216-->[com.github.solodroidx:solodroid-ads-sdk:1.2.2] AndroidManifest.xml:17:9-19:125
217            android:name="com.google.android.gms.ads.AdActivity"
217-->[com.github.solodroidx:solodroid-ads-sdk:1.2.2] AndroidManifest.xml:18:13-65
218            android:configChanges="keyboard|keyboardHidden|orientation|screenLayout|uiMode|screenSize|smallestScreenSize"
218-->[com.github.solodroidx:solodroid-ads-sdk:1.2.2] AndroidManifest.xml:19:13-122
219            android:exported="false"
219-->[com.google.android.gms:play-services-ads-lite:20.5.0] AndroidManifest.xml:52:13-37
220            android:theme="@android:style/Theme.Translucent" />
220-->[com.google.android.gms:play-services-ads-lite:20.5.0] AndroidManifest.xml:53:13-61
221
222        <receiver
222-->[com.onesignal:OneSignal:4.6.1] AndroidManifest.xml:49:9-60:20
223            android:name="com.onesignal.FCMBroadcastReceiver"
223-->[com.onesignal:OneSignal:4.6.1] AndroidManifest.xml:50:13-62
224            android:exported="true"
224-->[com.onesignal:OneSignal:4.6.1] AndroidManifest.xml:51:13-36
225            android:permission="com.google.android.c2dm.permission.SEND" >
225-->[com.onesignal:OneSignal:4.6.1] AndroidManifest.xml:52:13-73
226
227            <!-- High priority so OneSignal payloads can be filtered from other FCM receivers -->
228            <intent-filter android:priority="999" >
228-->[com.onesignal:OneSignal:4.6.1] AndroidManifest.xml:55:13-59:29
228-->[com.onesignal:OneSignal:4.6.1] AndroidManifest.xml:55:28-50
229                <action android:name="com.google.android.c2dm.intent.RECEIVE" />
229-->[com.onesignal:OneSignal:4.6.1] AndroidManifest.xml:56:17-81
229-->[com.onesignal:OneSignal:4.6.1] AndroidManifest.xml:56:25-78
230
231                <category android:name="com.techopath.wallpapers" />
231-->[com.onesignal:OneSignal:4.6.1] AndroidManifest.xml:58:17-61
231-->[com.onesignal:OneSignal:4.6.1] AndroidManifest.xml:58:27-58
232            </intent-filter>
233        </receiver>
234
235        <service
235-->[com.onesignal:OneSignal:4.6.1] AndroidManifest.xml:62:9-68:19
236            android:name="com.onesignal.HmsMessageServiceOneSignal"
236-->[com.onesignal:OneSignal:4.6.1] AndroidManifest.xml:63:13-68
237            android:exported="false" >
237-->[com.onesignal:OneSignal:4.6.1] AndroidManifest.xml:64:13-37
238            <intent-filter>
238-->[com.onesignal:OneSignal:4.6.1] AndroidManifest.xml:65:13-67:29
239                <action android:name="com.huawei.push.action.MESSAGING_EVENT" />
239-->[com.onesignal:OneSignal:4.6.1] AndroidManifest.xml:66:17-81
239-->[com.onesignal:OneSignal:4.6.1] AndroidManifest.xml:66:25-78
240            </intent-filter>
241        </service>
242
243        <activity
243-->[com.onesignal:OneSignal:4.6.1] AndroidManifest.xml:70:9-78:20
244            android:name="com.onesignal.NotificationOpenedActivityHMS"
244-->[com.onesignal:OneSignal:4.6.1] AndroidManifest.xml:71:13-71
245            android:exported="true"
245-->[com.onesignal:OneSignal:4.6.1] AndroidManifest.xml:72:13-36
246            android:noHistory="true"
246-->[com.onesignal:OneSignal:4.6.1] AndroidManifest.xml:73:13-37
247            android:theme="@android:style/Theme.Translucent.NoTitleBar" >
247-->[com.onesignal:OneSignal:4.6.1] AndroidManifest.xml:74:13-72
248            <intent-filter>
248-->[com.onesignal:OneSignal:4.6.1] AndroidManifest.xml:75:13-77:29
249                <action android:name="android.intent.action.VIEW" />
249-->[com.onesignal:OneSignal:4.6.1] AndroidManifest.xml:76:17-69
249-->[com.onesignal:OneSignal:4.6.1] AndroidManifest.xml:76:25-66
250            </intent-filter>
251        </activity>
252
253        <service
253-->[com.onesignal:OneSignal:4.6.1] AndroidManifest.xml:80:9-82:40
254            android:name="com.onesignal.FCMIntentService"
254-->[com.onesignal:OneSignal:4.6.1] AndroidManifest.xml:81:13-58
255            android:exported="false" />
255-->[com.onesignal:OneSignal:4.6.1] AndroidManifest.xml:82:13-37
256        <service
256-->[com.onesignal:OneSignal:4.6.1] AndroidManifest.xml:83:9-86:72
257            android:name="com.onesignal.FCMIntentJobService"
257-->[com.onesignal:OneSignal:4.6.1] AndroidManifest.xml:84:13-61
258            android:exported="false"
258-->[com.onesignal:OneSignal:4.6.1] AndroidManifest.xml:85:13-37
259            android:permission="android.permission.BIND_JOB_SERVICE" />
259-->[com.onesignal:OneSignal:4.6.1] AndroidManifest.xml:86:13-69
260        <service
260-->[com.onesignal:OneSignal:4.6.1] AndroidManifest.xml:87:9-90:43
261            android:name="com.onesignal.FocusDelaySyncService"
261-->[com.onesignal:OneSignal:4.6.1] AndroidManifest.xml:88:13-63
262            android:exported="false"
262-->[com.onesignal:OneSignal:4.6.1] AndroidManifest.xml:89:13-37
263            android:stopWithTask="true" />
263-->[com.onesignal:OneSignal:4.6.1] AndroidManifest.xml:90:13-40
264        <service
264-->[com.onesignal:OneSignal:4.6.1] AndroidManifest.xml:91:9-94:72
265            android:name="com.onesignal.FocusDelaySyncJobService"
265-->[com.onesignal:OneSignal:4.6.1] AndroidManifest.xml:92:13-66
266            android:exported="false"
266-->[com.onesignal:OneSignal:4.6.1] AndroidManifest.xml:93:13-37
267            android:permission="android.permission.BIND_JOB_SERVICE" />
267-->[com.onesignal:OneSignal:4.6.1] AndroidManifest.xml:94:13-69
268        <service
268-->[com.onesignal:OneSignal:4.6.1] AndroidManifest.xml:95:9-98:43
269            android:name="com.onesignal.SyncService"
269-->[com.onesignal:OneSignal:4.6.1] AndroidManifest.xml:96:13-53
270            android:exported="false"
270-->[com.onesignal:OneSignal:4.6.1] AndroidManifest.xml:97:13-37
271            android:stopWithTask="true" />
271-->[com.onesignal:OneSignal:4.6.1] AndroidManifest.xml:98:13-40
272        <service
272-->[com.onesignal:OneSignal:4.6.1] AndroidManifest.xml:99:9-102:72
273            android:name="com.onesignal.SyncJobService"
273-->[com.onesignal:OneSignal:4.6.1] AndroidManifest.xml:100:13-56
274            android:exported="false"
274-->[com.onesignal:OneSignal:4.6.1] AndroidManifest.xml:101:13-37
275            android:permission="android.permission.BIND_JOB_SERVICE" />
275-->[com.onesignal:OneSignal:4.6.1] AndroidManifest.xml:102:13-69
276
277        <activity
277-->[com.onesignal:OneSignal:4.6.1] AndroidManifest.xml:104:9-107:75
278            android:name="com.onesignal.PermissionsActivity"
278-->[com.onesignal:OneSignal:4.6.1] AndroidManifest.xml:105:13-61
279            android:exported="false"
279-->[com.onesignal:OneSignal:4.6.1] AndroidManifest.xml:106:13-37
280            android:theme="@android:style/Theme.Translucent.NoTitleBar" />
280-->[com.onesignal:OneSignal:4.6.1] AndroidManifest.xml:107:13-72
281
282        <receiver
282-->[com.onesignal:OneSignal:4.6.1] AndroidManifest.xml:109:9-111:39
283            android:name="com.onesignal.NotificationDismissReceiver"
283-->[com.onesignal:OneSignal:4.6.1] AndroidManifest.xml:110:13-69
284            android:exported="true" />
284-->[com.onesignal:OneSignal:4.6.1] AndroidManifest.xml:111:13-36
285        <receiver
285-->[com.onesignal:OneSignal:4.6.1] AndroidManifest.xml:112:9-119:20
286            android:name="com.onesignal.BootUpReceiver"
286-->[com.onesignal:OneSignal:4.6.1] AndroidManifest.xml:113:13-56
287            android:exported="true" >
287-->[com.onesignal:OneSignal:4.6.1] AndroidManifest.xml:114:13-36
288            <intent-filter>
288-->[com.onesignal:OneSignal:4.6.1] AndroidManifest.xml:115:13-118:29
289                <action android:name="android.intent.action.BOOT_COMPLETED" />